<?xml version="1.0" encoding="UTF-8"?>
<!-- Generated by org.testng.reporters.JUnitReportReporter -->
<testsuite skipped="0" hostname="DESKTOP-6GJ863T" name="test.NewAccountTest" tests="1" failures="0" timestamp="2020-02-27T23:40:26 CST" time="26.762" errors="0">
  <testcase name="OpenANewAccount" time="26.762" classname="test.NewAccountTest"/>
</testsuite> <!-- test.NewAccountTest -->
